0:0:0:0:0:0:0:1 - - [20/May/2016:16:57:36 +0800] "GET /shiro HTTP/1.1" 302 -
0:0:0:0:0:0:0:1 - - [20/May/2016:16:57:36 +0800] "GET /shiro/ HTTP/1.1" 404 306
0:0:0:0:0:0:0:1 - - [20/May/2016:16:57:51 +0800] "GET /shiro/login HTTP/1.1" 200 537
0:0:0:0:0:0:0:1 - - [20/May/2016:16:57:51 +0800] "GET /shiro/pic.jpg HTTP/1.1" 404 306
0:0:0:0:0:0:0:1 - - [20/May/2016:17:02:53 +0800] "GET /shiro/login HTTP/1.1" 200 537
0:0:0:0:0:0:0:1 - - [20/May/2016:17:02:53 +0800] "GET /shiro/pic.jpg HTTP/1.1" 200 19751
0:0:0:0:0:0:0:1 - - [20/May/2016:17:02:56 +0800] "GET /shiro/login HTTP/1.1" 200 537
0:0:0:0:0:0:0:1 - - [20/May/2016:17:02:56 +0800] "GET /shiro/pic.jpg HTTP/1.1" 304 -
0:0:0:0:0:0:0:1 - - [20/May/2016:17:03:04 +0800] "GET /shiro/login HTTP/1.1" 200 537
0:0:0:0:0:0:0:1 - - [20/May/2016:17:03:04 +0800] "GET /shiro/pic.jpg HTTP/1.1" 304 -
0:0:0:0:0:0:0:1 - - [20/May/2016:17:07:35 +0800] "POST /shiro/login HTTP/1.1" 302 -
0:0:0:0:0:0:0:1 - - [20/May/2016:17:07:35 +0800] "GET /shiro/user HTTP/1.1" 200 1017
0:0:0:0:0:0:0:1 - - [20/May/2016:17:07:35 +0800] "GET /shiro/pic.jpg HTTP/1.1" 304 -
0:0:0:0:0:0:0:1 - - [20/May/2016:17:07:35 +0800] "GET /shiro/webjarslocator/jquery/jquery.js HTTP/1.1" 404 306
0:0:0:0:0:0:0:1 - - [20/May/2016:17:09:57 +0800] "GET /shiro/user HTTP/1.1" 200 962
0:0:0:0:0:0:0:1 - - [20/May/2016:17:09:57 +0800] "GET /shiro/pic.jpg HTTP/1.1" 304 -
0:0:0:0:0:0:0:1 - - [20/May/2016:17:09:57 +0800] "GET /shiro/webjarslocator/jquery/jquery.js HTTP/1.1" 404 306
0:0:0:0:0:0:0:1 - - [20/May/2016:17:10:12 +0800] "GET /shiro/logout HTTP/1.1" 500 414
0:0:0:0:0:0:0:1 - - [20/May/2016:17:10:19 +0800] "GET /shiro HTTP/1.1" 302 -
0:0:0:0:0:0:0:1 - - [20/May/2016:17:10:19 +0800] "GET /shiro/ HTTP/1.1" 404 306
0:0:0:0:0:0:0:1 - - [20/May/2016:17:10:25 +0800] "GET /shiro/user HTTP/1.1" 200 962
0:0:0:0:0:0:0:1 - - [20/May/2016:17:10:25 +0800] "GET /shiro/webjarslocator/jquery/jquery.js HTTP/1.1" 404 306
0:0:0:0:0:0:0:1 - - [20/May/2016:17:10:27 +0800] "GET /shiro/logout HTTP/1.1" 500 414
0:0:0:0:0:0:0:1 - - [20/May/2016:17:10:38 +0800] "GET /shiro/user HTTP/1.1" 200 962
0:0:0:0:0:0:0:1 - - [20/May/2016:17:10:39 +0800] "GET /shiro/webjarslocator/jquery/jquery.js HTTP/1.1" 404 306
0:0:0:0:0:0:0:1 - - [20/May/2016:17:10:40 +0800] "GET /shiro/user/edit/40289d8154c998c90154c99ada260003 HTTP/1.1" 400 478
0:0:0:0:0:0:0:1 - - [20/May/2016:17:10:45 +0800] "GET /shiro/user HTTP/1.1" 200 962
0:0:0:0:0:0:0:1 - - [20/May/2016:17:10:46 +0800] "GET /shiro/pic.jpg HTTP/1.1" 304 -
0:0:0:0:0:0:0:1 - - [20/May/2016:17:10:46 +0800] "GET /shiro/webjarslocator/jquery/jquery.js HTTP/1.1" 404 306
0:0:0:0:0:0:0:1 - - [20/May/2016:17:10:46 +0800] "GET /shiro/user HTTP/1.1" 200 962
0:0:0:0:0:0:0:1 - - [20/May/2016:17:10:46 +0800] "GET /shiro/webjarslocator/jquery/jquery.js HTTP/1.1" 404 306
0:0:0:0:0:0:0:1 - - [20/May/2016:17:10:46 +0800] "GET /shiro/pic.jpg HTTP/1.1" 304 -
